0 info it worked if it ends with ok
1 verbose cli [ '/usr/local/bin/node',
1 verbose cli   '/usr/local/bin/npm',
1 verbose cli   'install',
1 verbose cli   'webpackl',
1 verbose cli   '-g' ]
2 info using npm@1.4.28
3 info using node@v0.10.33
4 verbose cache add [ 'webpackl', null ]
5 verbose cache add name=undefined spec="webpackl" args=["webpackl",null]
6 verbose parsed url { protocol: null,
6 verbose parsed url   slashes: null,
6 verbose parsed url   auth: null,
6 verbose parsed url   host: null,
6 verbose parsed url   port: null,
6 verbose parsed url   hostname: null,
6 verbose parsed url   hash: null,
6 verbose parsed url   search: null,
6 verbose parsed url   query: null,
6 verbose parsed url   pathname: 'webpackl',
6 verbose parsed url   path: 'webpackl',
6 verbose parsed url   href: 'webpackl' }
7 silly lockFile 03e76fcc-webpackl webpackl
8 verbose lock webpackl /Users/mac/.npm/03e76fcc-webpackl.lock
9 silly lockFile 03e76fcc-webpackl webpackl
10 silly lockFile 03e76fcc-webpackl webpackl
11 verbose addNamed [ 'webpackl', '' ]
12 verbose addNamed [ null, '*' ]
13 silly lockFile 731b44ad-webpackl webpackl@
14 verbose lock webpackl@ /Users/mac/.npm/731b44ad-webpackl.lock
15 silly addNameRange { name: 'webpackl', range: '*', hasData: false }
16 verbose request where is /webpackl
17 verbose request registry https://registry.npmjs.org/
18 verbose request id 1cb71077c59bfdf1
19 verbose url raw /webpackl
20 verbose url resolving [ 'https://registry.npmjs.org/', './webpackl' ]
21 verbose url resolved https://registry.npmjs.org/webpackl
22 verbose request where is https://registry.npmjs.org/webpackl
23 info trying registry request attempt 1 at 11:44:15
24 http GET https://registry.npmjs.org/webpackl
25 http 404 https://registry.npmjs.org/webpackl
26 verbose headers { date: 'Sun, 25 Jan 2015 09:44:17 GMT',
26 verbose headers   server: 'CouchDB/1.5.0 (Erlang OTP/R16B03)',
26 verbose headers   'content-type': 'application/json',
26 verbose headers   'cache-control': 'max-age=0',
26 verbose headers   'content-length': '52',
26 verbose headers   'accept-ranges': 'bytes',
26 verbose headers   via: '1.1 varnish',
26 verbose headers   age: '0',
26 verbose headers   'x-served-by': 'cache-fra1232-FRA',
26 verbose headers   'x-cache': 'MISS',
26 verbose headers   'x-cache-hits': '0',
26 verbose headers   'x-timer': 'S1422179057.215640,VS0,VE719',
26 verbose headers   'keep-alive': 'timeout=10, max=50',
26 verbose headers   connection: 'Keep-Alive' }
27 silly registry.get cb [ 404,
27 silly registry.get   { date: 'Sun, 25 Jan 2015 09:44:17 GMT',
27 silly registry.get     server: 'CouchDB/1.5.0 (Erlang OTP/R16B03)',
27 silly registry.get     'content-type': 'application/json',
27 silly registry.get     'cache-control': 'max-age=0',
27 silly registry.get     'content-length': '52',
27 silly registry.get     'accept-ranges': 'bytes',
27 silly registry.get     via: '1.1 varnish',
27 silly registry.get     age: '0',
27 silly registry.get     'x-served-by': 'cache-fra1232-FRA',
27 silly registry.get     'x-cache': 'MISS',
27 silly registry.get     'x-cache-hits': '0',
27 silly registry.get     'x-timer': 'S1422179057.215640,VS0,VE719',
27 silly registry.get     'keep-alive': 'timeout=10, max=50',
27 silly registry.get     connection: 'Keep-Alive' } ]
28 silly lockFile 731b44ad-webpackl webpackl@
29 silly lockFile 731b44ad-webpackl webpackl@
30 error 404 404 Not Found: webpackl
30 error 404
30 error 404 'webpackl' is not in the npm registry.
30 error 404 You should bug the author to publish it
30 error 404
30 error 404 Note that you can also install from a
30 error 404 tarball, folder, or http url, or git url.
31 error System Darwin 14.0.0
32 error command "/usr/local/bin/node" "/usr/local/bin/npm" "install" "webpackl" "-g"
33 error cwd /Applications/MAMP/htdocs/webpack
34 error node -v v0.10.33
35 error npm -v 1.4.28
36 error code E404
37 verbose exit [ 1, true ]
